<?xml version="1.0" encoding="UTF-8"?>
<testsuite name="org.apache.commons.io.filefilter.FileFilterTestCase" time="2.148" tests="47" errors="0" skipped="0" failures="0">
  <properties>
[...]
</properties>
  <testcase name="testFileFilterUtils_or" classname="org.apache.commons.io.filefilter.FileFilterTestCase" time="0.033"/>
  <testcase name="testMakeSVNAware" classname="org.apache.commons.io.filefilter.FileFilterTestCase" time="0.007"/>
  <testcase name="testMagicNumberFileFilterValidation" classname="org.apache.commons.io.filefilter.FileFilterTestCase" time="0.002"/>
  <testcase name="testNameFilter" classname="org.apache.commons.io.filefilter.FileFilterTestCase" time="0.002"/>
  <testcase name="testMagicNumberFileFilterString" classname="org.apache.commons.io.filefilter.FileFilterTestCase" time="0.006"/>
  <testcase name="testFilterArray" classname="org.apache.commons.io.filefilter.FileFilterTestCase" time="0.003"/>
  <testcase name="testMagicNumberFileFilterBytesOffset" classname="org.apache.commons.io.filefilter.FileFilterTestCase" time="0.01"/>
  <testcase name="testAnd" classname="org.apache.commons.io.filefilter.FileFilterTestCase" time="0.002"/>
  <testcase name="testNot" classname="org.apache.commons.io.filefilter.FileFilterTestCase" time="0.002"/>
  <testcase name="testDeprecatedWildcard" classname="org.apache.commons.io.filefilter.FileFilterTestCase" time="0.003"/>
  <testcase name="testEmpty" classname="org.apache.commons.io.filefilter.FileFilterTestCase" time="0.005"/>
  <testcase name="testFalse" classname="org.apache.commons.io.filefilter.FileFilterTestCase" time="0.002"/>
  <testcase name="testFiles" classname="org.apache.commons.io.filefilter.FileFilterTestCase" time="0.002"/>
  <testcase name="testTrue" classname="org.apache.commons.io.filefilter.FileFilterTestCase" time="0.001"/>
  <testcase name="testFileFilterUtils_and" classname="org.apache.commons.io.filefilter.FileFilterTestCase" time="0.001"/>
  <testcase name="testPrefixCaseInsensitive" classname="org.apache.commons.io.filefilter.FileFilterTestCase" time="0.003"/>
  <testcase name="testOr" classname="org.apache.commons.io.filefilter.FileFilterTestCase" time="0.001"/>
  <testcase name="testWildcard" classname="org.apache.commons.io.filefilter.FileFilterTestCase" time="0.002"/>
  <testcase name="testDirectory" classname="org.apache.commons.io.filefilter.FileFilterTestCase" time="0.001"/>
  <testcase name="testNameFilterNullListArgument" classname="org.apache.commons.io.filefilter.FileFilterTestCase" time="0.001"/>
  <testcase name="testFilterSet_fromArray" classname="org.apache.commons.io.filefilter.FileFilterTestCase" time="0.001"/>
  <testcase name="testFilterSet" classname="org.apache.commons.io.filefilter.FileFilterTestCase" time="0.001"/>
  <testcase name="testFilterSetNullParameters" classname="org.apache.commons.io.filefilter.FileFilterTestCase" time="0.001"/>
  <testcase name="testEnsureTestCoverage" classname="org.apache.commons.io.filefilter.FileFilterTestCase" time="0"/>
  <testcase name="testNameFilterNullArgument" classname="org.apache.commons.io.filefilter.FileFilterTestCase" time="0.001"/>
  <testcase name="testNullFilters" classname="org.apache.commons.io.filefilter.FileFilterTestCase" time="0.001"/>
  <testcase name="testCanRead" classname="org.apache.commons.io.filefilter.FileFilterTestCase" time="0.003"/>
  <testcase name="testMakeCVSAware" classname="org.apache.commons.io.filefilter.FileFilterTestCase" time="0.004"/>
  <testcase name="testMagicNumberFileFilterBytes" classname="org.apache.commons.io.filefilter.FileFilterTestCase" time="0.003"/>
  <testcase name="testMagicNumberFileFilterStringOffset" classname="org.apache.commons.io.filefilter.FileFilterTestCase" time="0.006"/>
  <testcase name="testDelegateFileFilter" classname="org.apache.commons.io.filefilter.FileFilterTestCase" time="0.003"/>
  <testcase name="testCanWrite" classname="org.apache.commons.io.filefilter.FileFilterTestCase" time="0.002"/>
  <testcase name="testNameFilterNullArrayArgument" classname="org.apache.commons.io.filefilter.FileFilterTestCase" time="0"/>
  <testcase name="testDelegation" classname="org.apache.commons.io.filefilter.FileFilterTestCase" time="0.001"/>
  <testcase name="testFilterListNullParameters" classname="org.apache.commons.io.filefilter.FileFilterTestCase" time="0.001"/>
  <testcase name="testFilterList_fromArray" classname="org.apache.commons.io.filefilter.FileFilterTestCase" time="0.001"/>
  <testcase name="testSizeFilter" classname="org.apache.commons.io.filefilter.FileFilterTestCase" time="0.003"/>
  <testcase name="testFilterArrayNullParameters" classname="org.apache.commons.io.filefilter.FileFilterTestCase" time="0.001"/>
  <testcase name="testMakeDirectoryOnly" classname="org.apache.commons.io.filefilter.FileFilterTestCase" time="0.002"/>
  <testcase name="testHidden" classname="org.apache.commons.io.filefilter.FileFilterTestCase" time="0.001"/>
  <testcase name="testMakeFileOnly" classname="org.apache.commons.io.filefilter.FileFilterTestCase" time="0.002"/>
  <testcase name="testFilterArray_fromList" classname="org.apache.commons.io.filefilter.FileFilterTestCase" time="0.001"/>
  <testcase name="testPrefix" classname="org.apache.commons.io.filefilter.FileFilterTestCase" time="0"/>
  <testcase name="testSuffix" classname="org.apache.commons.io.filefilter.FileFilterTestCase" time="0.002"/>
  <testcase name="testSuffixCaseInsensitive" classname="org.apache.commons.io.filefilter.FileFilterTestCase" time="0.001"/>
  <testcase name="testFilterList" classname="org.apache.commons.io.filefilter.FileFilterTestCase" time="0.001"/>
  <testcase name="testAgeFilter" classname="org.apache.commons.io.filefilter.FileFilterTestCase" time="2.016"/>
</testsuite>